<?xml version="1.0" encoding="UTF-8"?>
<testng-results skipped="0" failed="0" ignored="0" total="1" passed="1">
  <reporter-output>
  </reporter-output>
  <suite name="Default suite" duration-ms="50514" started-at="2017-09-14T14:53:34Z" finished-at="2017-09-14T14:54:25Z">
    <groups>
    </groups>
    <test name="Default test" duration-ms="50514" started-at="2017-09-14T14:53:34Z" finished-at="2017-09-14T14:54:25Z">
      <class name="test.giris.GirisSayfasiTesti">
        <test-method status="PASS" signature="test()[pri:0, instance:test.giris.GirisSayfasiTesti@39c0f4a]" name="test" duration-ms="50441" started-at="2017-09-14T17:53:34Z" finished-at="2017-09-14T17:54:25Z">
          <reporter-output>
          </reporter-output>
        </test-method> <!-- test -->
      </class> <!-- test.giris.GirisSayfasiTesti -->
    </test> <!-- Default test -->
  </suite> <!-- Default suite -->
</testng-results>
